c:\mumps\mumps_5.1.2\mumps_common_obj_c.dir\debug\mumps_common_obj_c.pdb
c:\mumps\mumps_5.1.2\mumps_common_obj_c.dir\debug\mumps_scotch_int.obj
c:\mumps\mumps_5.1.2\mumps_common_obj_c.dir\debug\mumps_scotch64.obj
c:\mumps\mumps_5.1.2\mumps_common_obj_c.dir\debug\mumps_scotch.obj
c:\mumps\mumps_5.1.2\mumps_common_obj_c.dir\debug\mumps_metis_int.obj
c:\mumps\mumps_5.1.2\mumps_common_obj_c.dir\debug\mumps_metis64.obj
c:\mumps\mumps_5.1.2\mumps_common_obj_c.dir\debug\mumps_metis.obj
c:\mumps\mumps_5.1.2\mumps_common_obj_c.dir\debug\mumps_pord.obj
c:\mumps\mumps_5.1.2\mumps_common_obj_c.dir\debug\mumps_numa.obj
c:\mumps\mumps_5.1.2\mumps_common_obj_c.dir\debug\mumps_save_restore_c.obj
c:\mumps\mumps_5.1.2\mumps_common_obj_c.dir\debug\mumps_thread.obj
c:\mumps\mumps_5.1.2\mumps_common_obj_c.dir\debug\mumps_io_err.obj
c:\mumps\mumps_5.1.2\mumps_common_obj_c.dir\debug\mumps_io_thread.obj
c:\mumps\mumps_5.1.2\mumps_common_obj_c.dir\debug\mumps_io_basic.obj
c:\mumps\mumps_5.1.2\mumps_common_obj_c.dir\debug\mumps_io.obj
c:\mumps\mumps_5.1.2\mumps_common_obj_c.dir\debug\mumps_size.obj
c:\mumps\mumps_5.1.2\mumps_common_obj_c.dir\debug\mumps_common.obj
c:\mumps\mumps_5.1.2\mumps_common_obj_c.dir\debug\mumps_c.obj
c:\mumps\mumps_5.1.2\cmakefiles\generate.stamp
c:\mumps\mumps_5.1.2\mumps_common_obj_c.dir\debug\mumps_common_obj_c.lib
c:\mumps\mumps_5.1.2\mumps_common_obj_c.dir\debug\mumps_co.d7301058.tlog\cl.command.1.tlog
c:\mumps\mumps_5.1.2\mumps_common_obj_c.dir\debug\mumps_co.d7301058.tlog\cl.read.1.tlog
c:\mumps\mumps_5.1.2\mumps_common_obj_c.dir\debug\mumps_co.d7301058.tlog\cl.write.1.tlog
c:\mumps\mumps_5.1.2\mumps_common_obj_c.dir\debug\mumps_co.d7301058.tlog\custombuild.command.1.tlog
c:\mumps\mumps_5.1.2\mumps_common_obj_c.dir\debug\mumps_co.d7301058.tlog\custombuild.read.1.tlog
c:\mumps\mumps_5.1.2\mumps_common_obj_c.dir\debug\mumps_co.d7301058.tlog\custombuild.write.1.tlog
c:\mumps\mumps_5.1.2\mumps_common_obj_c.dir\debug\mumps_co.d7301058.tlog\lib-link.read.1.tlog
c:\mumps\mumps_5.1.2\mumps_common_obj_c.dir\debug\mumps_co.d7301058.tlog\lib-link.write.1.tlog
c:\mumps\mumps_5.1.2\mumps_common_obj_c.dir\debug\mumps_co.d7301058.tlog\lib.command.1.tlog
