  Building Custom Rule C:/Program Files/CMake/share/cmake-3.13/Modules/FortranCInterface/CMakeLists.txt
  CMake does not need to re-run because C:/mumps/lapack-3.6.1/CMakeFiles/FortranCInterface/CMakeFiles/generate.stamp is up-to-date.
  mymodule_.c
  my_module_.c
  MY_MODULE.c
  MYMODULE.c
  my_sub.c
  my_sub_.c
  my_sub__.c
  MY_SUB-UPPER.c
  mysub.c
  mysub_.c
  MYSUB-UPPER.c
  __my_module_MOD_my_sub.c
  __my_module_NMOD_my_sub.c
  __my_module__my_sub.c
  __mymodule_MOD_mysub.c
  __mymodule_NMOD_mysub.c
  __mymodule__mysub.c
  my_moduleSmy_sub.c
  my_module_mp_my_sub_.c
  MY_MODULE_mp_MY_SUB-UPPER.c
  Generating Code...
  Compiling...
  my_module_my_sub_.c
  my_module_MP_my_sub.c
  mymoduleSmysub.c
  mymodule_mp_mysub_.c
  MYMODULE_mp_MYSUB-UPPER.c
  mymodule_mysub_.c
  mymodule_MP_mysub.c
  Generating Code...
  symbols.vcxproj -> C:\mumps\lapack-3.6.1\CMakeFiles\FortranCInterface\Release\symbols.lib
