c:\mumps\mumps_5.1.2\pord_c.dir\debug\pord_c.pdb
c:\mumps\mumps_5.1.2\pord_c.dir\debug\tree.obj
c:\mumps\mumps_5.1.2\pord_c.dir\debug\symbfac.obj
c:\mumps\mumps_5.1.2\pord_c.dir\debug\sort.obj
c:\mumps\mumps_5.1.2\pord_c.dir\debug\nestdiss.obj
c:\mumps\mumps_5.1.2\pord_c.dir\debug\multisector.obj
c:\mumps\mumps_5.1.2\pord_c.dir\debug\minpriority.obj
c:\mumps\mumps_5.1.2\pord_c.dir\debug\interface.obj
c:\mumps\mumps_5.1.2\pord_c.dir\debug\graph.obj
c:\mumps\mumps_5.1.2\pord_c.dir\debug\gelim.obj
c:\mumps\mumps_5.1.2\pord_c.dir\debug\gbisect.obj
c:\mumps\mumps_5.1.2\pord_c.dir\debug\gbipart.obj
c:\mumps\mumps_5.1.2\pord_c.dir\debug\ddcreate.obj
c:\mumps\mumps_5.1.2\pord_c.dir\debug\ddbisect.obj
c:\mumps\mumps_5.1.2\pord_c.dir\debug\bucket.obj
c:\mumps\mumps_5.1.2\cmakefiles\generate.stamp
c:\mumps\mumps_5.1.2\pord_c.dir\debug\pord_c.lib
c:\mumps\mumps_5.1.2\pord_c.dir\debug\pord_c.tlog\cl.command.1.tlog
c:\mumps\mumps_5.1.2\pord_c.dir\debug\pord_c.tlog\cl.read.1.tlog
c:\mumps\mumps_5.1.2\pord_c.dir\debug\pord_c.tlog\cl.write.1.tlog
c:\mumps\mumps_5.1.2\pord_c.dir\debug\pord_c.tlog\custombuild.command.1.tlog
c:\mumps\mumps_5.1.2\pord_c.dir\debug\pord_c.tlog\custombuild.read.1.tlog
c:\mumps\mumps_5.1.2\pord_c.dir\debug\pord_c.tlog\custombuild.write.1.tlog
c:\mumps\mumps_5.1.2\pord_c.dir\debug\pord_c.tlog\lib-link.read.1.tlog
c:\mumps\mumps_5.1.2\pord_c.dir\debug\pord_c.tlog\lib-link.write.1.tlog
c:\mumps\mumps_5.1.2\pord_c.dir\debug\pord_c.tlog\lib.command.1.tlog
